<?xml version="1.0" encoding="UTF-8"?>
<testsuite xmlns:xsi="http://www.w3.org/2001/XMLSchema-instance" xsi:noNamespaceSchemaLocation="https://maven.apache.org/surefire/maven-surefire-plugin/xsd/surefire-test-report-3.0.xsd" version="3.0" name="com.example.myrx.ObservableTest" time="0.201" tests="8" errors="0" skipped="0" failures="0">
  <properties>
[...]
</properties>
  <testcase name="filter_works" classname="com.example.myrx.ObservableTest" time="0.036"/>
  <testcase name="error_isDeliveredToOnError" classname="com.example.myrx.ObservableTest" time="0.009"/>
  <testcase name="disposable_stopsReceivingEvents" classname="com.example.myrx.ObservableTest" time="0.073"/>
  <testcase name="observeOn_movesCallbacksToSchedulerThread" classname="com.example.myrx.ObservableTest" time="0.016"/>
  <testcase name="create_emitsAndCompletes" classname="com.example.myrx.ObservableTest" time="0.008"/>
  <testcase name="flatMap_mergesInnerObservables" classname="com.example.myrx.ObservableTest" time="0.007"/>
  <testcase name="map_works" classname="com.example.myrx.ObservableTest" time="0.006"/>
  <testcase name="subscribeOn_runsSubscriptionOnSchedulerThread" classname="com.example.myrx.ObservableTest" time="0.006"/>
</testsuite>